<?xml version="1.0" encoding="UTF-8"?>
<!-- Generated by org.testng.reporters.JUnitReportReporter -->
<testsuite hostname="JAKs" name="com.empirehome.testcases.MovestockTest" tests="1" failures="0" timestamp="3 Mar 2023 07:32:56 GMT" time="14.908" errors="0">
  <testcase name="validatemovestock" time="14.908" classname="com.empirehome.testcases.MovestockTest"/>
</testsuite> <!-- com.empirehome.testcases.MovestockTest -->
