<?xml version="1.0" encoding="UTF-8"?>
<!-- Generated by org.testng.reporters.JUnitReportReporter -->
<testsuite hostname="JAKs" name="com.empirehome.testcases.Homepagetest" tests="3" failures="0" timestamp="3 Mar 2023 07:32:56 GMT" time="25.452" errors="0">
  <testcase name="datacreatenew" time="11.488" classname="com.empirehome.testcases.Homepagetest"/>
  <testcase name="title" time="3.260" classname="com.empirehome.testcases.Homepagetest"/>
  <testcase name="datacreatenew" time="10.704" classname="com.empirehome.testcases.Homepagetest"/>
</testsuite> <!-- com.empirehome.testcases.Homepagetest -->
